Build started 8-4-2015 14:18:13.
     1>Project "C:\Users\Kjeld Perquin\Documents\GitHub\THO78-Roborescue\Vehicles\Quadcopter\Quadcopter.vcxproj" on node 2 (Build target(s)).
     1>Build:
         make
         g++ -c -std=gnu++11 Quadcopter.cpp -o Quadcopter.o
         Quadcopter.cpp:122:14: warning: multi-character character constant [-Wmultichar]
            text[49] = '/0';
                       ^
         Quadcopter.cpp: In member function 'void Quadcopter::handleIncomingMessage(ExtendedMAVLinkMessage)':
         Quadcopter.cpp:122:12: warning: overflow in implicit constant conversion [-Woverflow]
            text[49] = '/0';
                     ^
         make -C ../Dependencies/Serial/
         make[1]: Entering directory `/c/Users/Kjeld Perquin/Documents/GitHub/THO78-Roborescue/Vehicles/Dependencies/Serial'
         g++ -c -std=gnu++11 PracticalSocket.cpp -o PracticalSocket.o
         g++ -c -std=gnu++11 SerialUDPSocket.cpp -o SerialUDPSocket.o
         g++ -c -std=gnu++11 SerialPort.cpp -o SerialPort.o
         g++ -c -std=gnu++11 SerialPortWindows.cpp -o SerialPortWindows.o
         ar rcs LibSerial.a PracticalSocket.o SerialUDPSocket.o SerialPort.o SerialPortWindows.o
         make[1]: Leaving directory `/c/Users/Kjeld Perquin/Documents/GitHub/THO78-Roborescue/Vehicles/Dependencies/Serial'
         g++ -std=gnu++11 -I../Dependencies/MAVLink/ardupilotmega ExtendedMAVLinkMessage.o MAVLinkExchanger.o Main.o Quadcopter.o ../Dependencies/Serial//LibSerial.a -lws2_32 -o Main -pthread
     1>Done Building Project "C:\Users\Kjeld Perquin\Documents\GitHub\THO78-Roborescue\Vehicles\Quadcopter\Quadcopter.vcxproj" (Build target(s)).

Build succeeded.

Time Elapsed 00:00:07.11
